🚀 Starting Wiggum Worker for: esp-robot
📍 Project Path: /home/julien/Desktop/Free-Wiggum-opencode/projects/esp-robot
⏰ Started at: Thu Mar 12 09:54:40 PM EDT 2026
⚡ Token Budget: 64000
━━━━━━━━━━━━━━━━━━━━━━━━━━━━━━━━════

📍 Iteration 16 at Thu Mar 12 09:54:40 PM EDT 2026...
🤖 OpenCode processing: Create calibration routine in `src/calibration.cpp` that measures actual motor speeds and generates PWM-to-speed mapping. Store results in non-volatile storage (NVS) or config file.
[0m
> build · stepfun/step-3.5-flash:free
[0m
[91m[1mError: [0mUser not found.
📝 Log saved: logs/iteration-16.md
📊 Token Usage: 2750 / Session: 2750 / 64000
✅ Changes committed
To https://github.com/Julien-ser/esp-robot.git
   3e76704..9eb44de  main -> main
✅ Pushed to GitHub
📊 Updated Tasks: 10/19 completed, 9 remaining
   Next task: Create calibration routine in `src/calibration.cpp` that mea...
📍 Iteration 17 at Thu Mar 12 09:54:46 PM EDT 2026...
✓ Progress: Git commit found
📊 Task attempt 2: Progress detected, continuing...
📚 Loading context from previous iteration attempts...
   Found context in: iteration-16.md
🤖 OpenCode processing: Create calibration routine in `src/calibration.cpp` that measures actual motor speeds and generates PWM-to-speed mapping. Store results in non-volatile storage (NVS) or config file.
[0m
> build · stepfun/step-3.5-flash:free
[0m
[91m[1mError: [0mUser not found.
📝 Log saved: logs/iteration-17.md
📊 Token Usage: 3250 / Session: 6000 / 64000
✅ Changes committed
To https://github.com/Julien-ser/esp-robot.git
   9eb44de..3c9d692  main -> main
✅ Pushed to GitHub
📊 Updated Tasks: 10/19 completed, 9 remaining
   Next task: Create calibration routine in `src/calibration.cpp` that mea...
📍 Iteration 18 at Thu Mar 12 09:54:52 PM EDT 2026...
✓ Progress: Git commit found
📊 Task attempt 3: Progress detected, continuing...
📚 Loading context from previous iteration attempts...
   Found context in: iteration-17.md
🤖 OpenCode processing: Create calibration routine in `src/calibration.cpp` that measures actual motor speeds and generates PWM-to-speed mapping. Store results in non-volatile storage (NVS) or config file.
[0m
> build · stepfun/step-3.5-flash:free
[0m
[91m[1mError: [0mUser not found.
📝 Log saved: logs/iteration-18.md
📊 Token Usage: 3250 / Session: 9250 / 64000
✅ Changes committed
To https://github.com/Julien-ser/esp-robot.git
   3c9d692..8dfa64e  main -> main
✅ Pushed to GitHub
📊 Updated Tasks: 10/19 completed, 9 remaining
   Next task: Create calibration routine in `src/calibration.cpp` that mea...
📍 Iteration 19 at Thu Mar 12 09:54:58 PM EDT 2026...
✓ Progress: Git commit found
📊 Task attempt 4: Progress detected, continuing...
📚 Loading context from previous iteration attempts...
   Found context in: iteration-18.md
🤖 OpenCode processing: Create calibration routine in `src/calibration.cpp` that measures actual motor speeds and generates PWM-to-speed mapping. Store results in non-volatile storage (NVS) or config file.
[0m
> build · stepfun/step-3.5-flash:free
[0m
[91m[1mError: [0mUser not found.
📝 Log saved: logs/iteration-19.md
📊 Token Usage: 3250 / Session: 12500 / 64000
✅ Changes committed
To https://github.com/Julien-ser/esp-robot.git
   8dfa64e..5ec2df4  main -> main
✅ Pushed to GitHub
📊 Updated Tasks: 10/19 completed, 9 remaining
   Next task: Create calibration routine in `src/calibration.cpp` that mea...
📍 Iteration 20 at Thu Mar 12 09:55:04 PM EDT 2026...
✓ Progress: Git commit found
📊 Task attempt 5: Progress detected, continuing...
📚 Loading context from previous iteration attempts...
   Found context in: iteration-19.md
🤖 OpenCode processing: Create calibration routine in `src/calibration.cpp` that measures actual motor speeds and generates PWM-to-speed mapping. Store results in non-volatile storage (NVS) or config file.
[0m
> build · stepfun/step-3.5-flash:free
[0m
[91m[1mError: [0mUser not found.
📝 Log saved: logs/iteration-20.md
📊 Token Usage: 3250 / Session: 15750 / 64000
✅ Changes committed
To https://github.com/Julien-ser/esp-robot.git
   5ec2df4..aa99586  main -> main
✅ Pushed to GitHub
📊 Updated Tasks: 10/19 completed, 9 remaining
   Next task: Create calibration routine in `src/calibration.cpp` that mea...
📍 Iteration 21 at Thu Mar 12 09:55:10 PM EDT 2026...
✓ Progress: Git commit found
📊 Task attempt 6: Progress detected, continuing...
📚 Loading context from previous iteration attempts...
   Found context in: iteration-20.md
🤖 OpenCode processing: Create calibration routine in `src/calibration.cpp` that measures actual motor speeds and generates PWM-to-speed mapping. Store results in non-volatile storage (NVS) or config file.
[0m
> build · stepfun/step-3.5-flash:free
[0m
[91m[1mError: [0mUser not found.
📝 Log saved: logs/iteration-21.md
📊 Token Usage: 3250 / Session: 19000 / 64000
✅ Changes committed
To https://github.com/Julien-ser/esp-robot.git
   aa99586..87bbba7  main -> main
✅ Pushed to GitHub
📊 Updated Tasks: 10/19 completed, 9 remaining
   Next task: Create calibration routine in `src/calibration.cpp` that mea...
📍 Iteration 22 at Thu Mar 12 09:55:16 PM EDT 2026...
✓ Progress: Git commit found
📊 Task attempt 7: Progress detected, continuing...
📚 Loading context from previous iteration attempts...
   Found context in: iteration-21.md
🤖 OpenCode processing: Create calibration routine in `src/calibration.cpp` that measures actual motor speeds and generates PWM-to-speed mapping. Store results in non-volatile storage (NVS) or config file.
[0m
> build · stepfun/step-3.5-flash:free
[0m
[91m[1mError: [0mUser not found.
📝 Log saved: logs/iteration-22.md
📊 Token Usage: 3250 / Session: 22250 / 64000
✅ Changes committed
To https://github.com/Julien-ser/esp-robot.git
   87bbba7..9de9d22  main -> main
✅ Pushed to GitHub
📊 Updated Tasks: 10/19 completed, 9 remaining
   Next task: Create calibration routine in `src/calibration.cpp` that mea...
📍 Iteration 23 at Thu Mar 12 09:55:22 PM EDT 2026...
✓ Progress: Git commit found
📊 Task attempt 8: Progress detected, continuing...
📚 Loading context from previous iteration attempts...
   Found context in: iteration-22.md
🤖 OpenCode processing: Create calibration routine in `src/calibration.cpp` that measures actual motor speeds and generates PWM-to-speed mapping. Store results in non-volatile storage (NVS) or config file.
[0m
> build · stepfun/step-3.5-flash:free
[0m
[91m[1mError: [0mUser not found.
📝 Log saved: logs/iteration-23.md
📊 Token Usage: 3250 / Session: 25500 / 64000
✅ Changes committed
To https://github.com/Julien-ser/esp-robot.git
   9de9d22..87a39cd  main -> main
✅ Pushed to GitHub
📊 Updated Tasks: 10/19 completed, 9 remaining
   Next task: Create calibration routine in `src/calibration.cpp` that mea...
📍 Iteration 24 at Thu Mar 12 09:55:28 PM EDT 2026...
✓ Progress: Git commit found
📊 Task attempt 9: Progress detected, continuing...
📚 Loading context from previous iteration attempts...
   Found context in: iteration-23.md
🤖 OpenCode processing: Create calibration routine in `src/calibration.cpp` that measures actual motor speeds and generates PWM-to-speed mapping. Store results in non-volatile storage (NVS) or config file.
[0m
> build · stepfun/step-3.5-flash:free
[0m
[91m[1mError: [0mUser not found.
📝 Log saved: logs/iteration-24.md
📊 Token Usage: 3250 / Session: 28750 / 64000
✅ Changes committed
To https://github.com/Julien-ser/esp-robot.git
   87a39cd..a948d53  main -> main
✅ Pushed to GitHub
📊 Updated Tasks: 10/19 completed, 9 remaining
   Next task: Create calibration routine in `src/calibration.cpp` that mea...
📍 Iteration 25 at Thu Mar 12 09:55:34 PM EDT 2026...
✓ Progress: Git commit found
📊 Task attempt 10: Progress detected, continuing...
📚 Loading context from previous iteration attempts...
   Found context in: iteration-24.md
🤖 OpenCode processing: Create calibration routine in `src/calibration.cpp` that measures actual motor speeds and generates PWM-to-speed mapping. Store results in non-volatile storage (NVS) or config file.
[0m
> build · stepfun/step-3.5-flash:free
[0m
[91m[1mError: [0mUser not found.
📝 Log saved: logs/iteration-25.md
📊 Token Usage: 3250 / Session: 32000 / 64000
✅ Changes committed
To https://github.com/Julien-ser/esp-robot.git
   a948d53..5b1927c  main -> main
✅ Pushed to GitHub
📊 Updated Tasks: 10/19 completed, 9 remaining
   Next task: Create calibration routine in `src/calibration.cpp` that mea...
📍 Iteration 26 at Thu Mar 12 09:55:40 PM EDT 2026...
✓ Progress: Git commit found
📊 Task attempt 11: Progress detected, continuing...
📚 Loading context from previous iteration attempts...
   Found context in: iteration-25.md
🤖 OpenCode processing: Create calibration routine in `src/calibration.cpp` that measures actual motor speeds and generates PWM-to-speed mapping. Store results in non-volatile storage (NVS) or config file.
[0m
> build · stepfun/step-3.5-flash:free
[0m
[91m[1mError: [0mUser not found.
📝 Log saved: logs/iteration-26.md
📊 Token Usage: 3250 / Session: 35250 / 64000
✅ Changes committed
To https://github.com/Julien-ser/esp-robot.git
   5b1927c..edd889b  main -> main
✅ Pushed to GitHub
📊 Updated Tasks: 10/19 completed, 9 remaining
   Next task: Create calibration routine in `src/calibration.cpp` that mea...
📍 Iteration 27 at Thu Mar 12 09:55:47 PM EDT 2026...
✓ Progress: Git commit found
📊 Task attempt 12: Progress detected, continuing...
📚 Loading context from previous iteration attempts...
   Found context in: iteration-26.md
🤖 OpenCode processing: Create calibration routine in `src/calibration.cpp` that measures actual motor speeds and generates PWM-to-speed mapping. Store results in non-volatile storage (NVS) or config file.
[0m
> build · stepfun/step-3.5-flash:free
[0m
[91m[1mError: [0mUser not found.
📝 Log saved: logs/iteration-27.md
📊 Token Usage: 3250 / Session: 38500 / 64000
✅ Changes committed
To https://github.com/Julien-ser/esp-robot.git
   edd889b..5f1f2e9  main -> main
✅ Pushed to GitHub
📊 Updated Tasks: 10/19 completed, 9 remaining
   Next task: Create calibration routine in `src/calibration.cpp` that mea...
📍 Iteration 28 at Thu Mar 12 09:55:53 PM EDT 2026...
✓ Progress: Git commit found
📊 Task attempt 13: Progress detected, continuing...
📚 Loading context from previous iteration attempts...
   Found context in: iteration-27.md
🤖 OpenCode processing: Create calibration routine in `src/calibration.cpp` that measures actual motor speeds and generates PWM-to-speed mapping. Store results in non-volatile storage (NVS) or config file.
[0m
> build · stepfun/step-3.5-flash:free
[0m
[91m[1mError: [0mUser not found.
📝 Log saved: logs/iteration-28.md
📊 Token Usage: 3250 / Session: 41750 / 64000
✅ Changes committed
To https://github.com/Julien-ser/esp-robot.git
   5f1f2e9..41cd089  main -> main
✅ Pushed to GitHub
📊 Updated Tasks: 10/19 completed, 9 remaining
   Next task: Create calibration routine in `src/calibration.cpp` that mea...
📍 Iteration 29 at Thu Mar 12 09:55:59 PM EDT 2026...
✓ Progress: Git commit found
📊 Task attempt 14: Progress detected, continuing...
📚 Loading context from previous iteration attempts...
   Found context in: iteration-28.md
🤖 OpenCode processing: Create calibration routine in `src/calibration.cpp` that measures actual motor speeds and generates PWM-to-speed mapping. Store results in non-volatile storage (NVS) or config file.
[0m
> build · stepfun/step-3.5-flash:free
[0m
[91m[1mError: [0mUser not found.
📝 Log saved: logs/iteration-29.md
📊 Token Usage: 3250 / Session: 45000 / 64000
