🚀 Starting Wiggum Worker for: esp-robot
📍 Project Path: /home/julien/Desktop/Free-Wiggum-opencode/projects/esp-robot
⏰ Started at: Thu Mar 12 09:56:41 PM EDT 2026
⚡ Token Budget: 64000
━━━━━━━━━━━━━━━━━━━━━━━━━━━━━━━━════

📍 Iteration 36 at Thu Mar 12 09:56:41 PM EDT 2026...
🤖 OpenCode processing: Create calibration routine in `src/calibration.cpp` that measures actual motor speeds and generates PWM-to-speed mapping. Store results in non-volatile storage (NVS) or config file.
[0m
> build · stepfun/step-3.5-flash:free
[0m
[91m[1mError: [0mUser not found.
📝 Log saved: logs/iteration-36.md
📊 Token Usage: 2750 / Session: 2750 / 64000
✅ Changes committed
To https://github.com/Julien-ser/esp-robot.git
   588db1d..d553b83  main -> main
✅ Pushed to GitHub
📊 Updated Tasks: 10/19 completed, 9 remaining
   Next task: Create calibration routine in `src/calibration.cpp` that mea...
📍 Iteration 37 at Thu Mar 12 09:56:47 PM EDT 2026...
✓ Progress: Git commit found
📊 Task attempt 2: Progress detected, continuing...
📚 Loading context from previous iteration attempts...
   Found context in: iteration-36.md
🤖 OpenCode processing: Create calibration routine in `src/calibration.cpp` that measures actual motor speeds and generates PWM-to-speed mapping. Store results in non-volatile storage (NVS) or config file.
[0m
> build · stepfun/step-3.5-flash:free
[0m
[91m[1mError: [0mUser not found.
📝 Log saved: logs/iteration-37.md
📊 Token Usage: 3250 / Session: 6000 / 64000
